time="2025-08-21 21:50:00" level=info msg="Connecting to database..."
time="2025-08-21 21:50:01" level=info msg="Database connected successfully"
time="2025-08-21 21:50:01" level=info msg="redis connected successfully"
time="2025-08-21 21:50:01" level=info msg="Server starting on port 8088"
time="2025-08-21 21:50:04" level=info msg="Starting graceful shutdown..."
time="2025-08-21 21:50:04" level=info msg="Disconnecting from database..."
time="2025-08-21 21:50:04" level=info msg="Graceful shutdown completed"
time="2025-08-21 21:50:08" level=info msg="Connecting to database..."
time="2025-08-21 21:50:08" level=info msg="Database connected successfully"
time="2025-08-21 21:50:08" level=info msg="redis connected successfully"
time="2025-08-21 21:50:08" level=info msg="Server starting on port 8088"
time="2025-08-21 21:50:24" level=info msg="GET /swagger/index.html 200 219.957µs" client_ip="::1" latency="219.957µs" method=GET path=/swagger/index.html status=200
time="2025-08-21 21:50:24" level=info msg="GET /swagger/swagger-ui.css 200 391.568µs" client_ip="::1" latency="391.568µs" method=GET path=/swagger/swagger-ui.css status=200
time="2025-08-21 21:50:24" level=info msg="GET /swagger/swagger-ui-bundle.js 200 484.303µs" client_ip="::1" latency="484.303µs" method=GET path=/swagger/swagger-ui-bundle.js status=200
time="2025-08-21 21:50:24" level=info msg="GET /swagger/swagger-ui-standalone-preset.js 200 238.955µs" client_ip="::1" latency="238.955µs" method=GET path=/swagger/swagger-ui-standalone-preset.js status=200
time="2025-08-21 21:50:24" level=info msg="GET /swagger/favicon-32x32.png 200 26.701µs" client_ip="::1" latency="26.701µs" method=GET path=/swagger/favicon-32x32.png status=200
time="2025-08-21 21:50:24" level=info msg="GET /swagger/doc.json 200 207.312µs" client_ip="::1" latency="207.312µs" method=GET path=/swagger/doc.json status=200
time="2025-08-21 21:51:23" level=info msg="Starting graceful shutdown..."
time="2025-08-21 21:51:23" level=info msg="Disconnecting from database..."
time="2025-08-21 21:51:23" level=info msg="Graceful shutdown completed"
time="2025-08-21 22:08:50" level=info msg="Connecting to database..."
time="2025-08-21 22:08:50" level=info msg="Database connected successfully"
time="2025-08-21 22:08:50" level=info msg="redis connected successfully"
time="2025-08-21 22:08:50" level=info msg="Server starting on port 8088"
time="2025-08-21 22:10:06" level=info msg="Starting graceful shutdown..."
time="2025-08-21 22:10:06" level=info msg="Disconnecting from database..."
time="2025-08-21 22:10:06" level=info msg="Graceful shutdown completed"
time="2025-08-21 22:12:17" level=info msg="Connecting to database..."
time="2025-08-21 22:12:17" level=info msg="Database connected successfully"
time="2025-08-21 22:12:17" level=info msg="redis connected successfully"
time="2025-08-21 22:12:17" level=info msg="Server starting on port 8088"
time="2025-08-21 22:12:19" level=info msg="Starting graceful shutdown..."
time="2025-08-21 22:12:19" level=info msg="Disconnecting from database..."
time="2025-08-21 22:12:19" level=info msg="Graceful shutdown completed"
